#
# There is insufficient memory for the Java Runtime Environment to continue.
# Native memory allocation (malloc) failed to allocate 1180496 bytes for Chunk::new
# Possible reasons:
#   The system is out of physical RAM or swap space
#   The process is running with CompressedOops enabled, and the Java Heap may be blocking the growth of the native heap
# Possible solutions:
#   Reduce memory load on the system
#   Increase physical memory or swap space
#   Check if swap backing store is full
#   Decrease Java heap size (-Xmx/-Xms)
#   Decrease number of Java threads
#   Decrease Java thread stack sizes (-Xss)
#   Set larger code cache with -XX:ReservedCodeCacheSize=
#   JVM is running with Unscaled Compressed Oops mode in which the Java heap is
#     placed in the first 4GB address space. The Java Heap base address is the
#     maximum limit for the native heap growth. Please use -XX:HeapBaseMinAddress
#     to set the Java Heap base and to place the Java Heap above 4GB virtual address.
# This output file may be truncated or incomplete.
#
#  Out of Memory Error (allocation.cpp:389), pid=52028, tid=0x0000000000005260
#
# JRE version: OpenJDK Runtime Environment (8.0_242-b01) (build 1.8.0_242-release-1644-b01)
# Java VM: OpenJDK 64-Bit Server VM (25.242-b01 mixed mode windows-amd64 compressed oops)
# Failed to write core dump. Minidumps are not enabled by default on client versions of Windows
#

---------------  T H R E A D  ---------------

Current thread (0x000000001a074000):  JavaThread "C2 CompilerThread1" daemon [_thread_in_native, id=21088, stack(0x000000001aa40000,0x000000001ab40000)]

Stack: [0x000000001aa40000,0x000000001ab40000]
[error occurred during error reporting (printing stack bounds), id 0xc0000005]

Native frames: (J=compiled Java code, j=interpreted, Vv=VM code, C=native code)


Current CompileTask:
C2:   3429 3679       4       java.net.URLClassLoader$1::run (5 bytes)


---------------  P R O C E S S  ---------------

Java Threads: ( => current thread )
  0x0000000021ff4800 JavaThread "jar transforms Thread 94" [_thread_blocked, id=34908, stack(0x000000002b200000,0x000000002b300000)]
  0x0000000021ffb800 JavaThread "jar transforms Thread 93" [_thread_blocked, id=9224, stack(0x000000002b100000,0x000000002b200000)]
  0x0000000021ffa800 JavaThread "jar transforms Thread 92" [_thread_blocked, id=37952, stack(0x000000002b000000,0x000000002b100000)]
  0x0000000021ffa000 JavaThread "jar transforms Thread 91" [_thread_blocked, id=43460, stack(0x000000002af00000,0x000000002b000000)]
  0x0000000021ff9000 JavaThread "jar transforms Thread 90" [_thread_blocked, id=27480, stack(0x000000002ae00000,0x000000002af00000)]
  0x0000000021ff7000 JavaThread "jar transforms Thread 89" [_thread_blocked, id=35008, stack(0x000000002ad00000,0x000000002ae00000)]
  0x0000000021ff8800 JavaThread "jar transforms Thread 88" [_thread_blocked, id=53236, stack(0x000000002ac00000,0x000000002ad00000)]
  0x0000000021ff7800 JavaThread "jar transforms Thread 87" [_thread_blocked, id=47952, stack(0x000000002ab00000,0x000000002ac00000)]
  0x0000000021ff6000 JavaThread "jar transforms Thread 86" [_thread_blocked, id=23516, stack(0x000000002aa00000,0x000000002ab00000)]
  0x0000000021ff4000 JavaThread "jar transforms Thread 85" [_thread_blocked, id=34120, stack(0x000000002a900000,0x000000002aa00000)]
  0x0000000021ff5800 JavaThread "jar transforms Thread 84" [_thread_blocked, id=31688, stack(0x000000002a800000,0x000000002a900000)]
  0x0000000021fec800 JavaThread "jar transforms Thread 83" [_thread_blocked, id=36996, stack(0x000000002a700000,0x000000002a800000)]
  0x0000000021ff3000 JavaThread "jar transforms Thread 82" [_thread_blocked, id=17748, stack(0x000000002a600000,0x000000002a700000)]
  0x0000000021ff2800 JavaThread "jar transforms Thread 81" [_thread_blocked, id=7404, stack(0x000000002a500000,0x000000002a600000)]
  0x0000000021ff1800 JavaThread "jar transforms Thread 80" [_thread_blocked, id=27228, stack(0x000000002a400000,0x000000002a500000)]
  0x0000000021fed000 JavaThread "jar transforms Thread 79" [_thread_blocked, id=29612, stack(0x000000002a300000,0x000000002a400000)]
  0x0000000021ff1000 JavaThread "jar transforms Thread 78" [_thread_blocked, id=51392, stack(0x000000002a200000,0x000000002a300000)]
  0x0000000021fee000 JavaThread "jar transforms Thread 77" [_thread_blocked, id=21180, stack(0x000000002a100000,0x000000002a200000)]
  0x0000000021ff0000 JavaThread "jar transforms Thread 76" [_thread_blocked, id=52300, stack(0x000000002a000000,0x000000002a100000)]
  0x0000000021fef800 JavaThread "jar transforms Thread 75" [_thread_blocked, id=46488, stack(0x0000000029f00000,0x000000002a000000)]
  0x0000000021fee800 JavaThread "jar transforms Thread 74" [_thread_blocked, id=28244, stack(0x0000000029e00000,0x0000000029f00000)]
  0x0000000020b64800 JavaThread "jar transforms Thread 73" [_thread_blocked, id=35752, stack(0x0000000029d00000,0x0000000029e00000)]
  0x0000000020b63800 JavaThread "jar transforms Thread 72" [_thread_blocked, id=22692, stack(0x0000000029c00000,0x0000000029d00000)]
  0x0000000020b63000 JavaThread "jar transforms Thread 71" [_thread_blocked, id=7964, stack(0x0000000029b00000,0x0000000029c00000)]
  0x0000000020b62000 JavaThread "jar transforms Thread 70" [_thread_blocked, id=29652, stack(0x0000000029a00000,0x0000000029b00000)]
  0x0000000020b65000 JavaThread "jar transforms Thread 69" [_thread_blocked, id=9880, stack(0x0000000029900000,0x0000000029a00000)]
  0x0000000020b61800 JavaThread "jar transforms Thread 68" [_thread_blocked, id=3892, stack(0x0000000029800000,0x0000000029900000)]
  0x0000000020b60800 JavaThread "jar transforms Thread 67" [_thread_blocked, id=49944, stack(0x0000000029700000,0x0000000029800000)]
  0x0000000020b60000 JavaThread "jar transforms Thread 66" [_thread_blocked, id=9604, stack(0x0000000029600000,0x0000000029700000)]
  0x0000000020b58800 JavaThread "jar transforms Thread 65" [_thread_blocked, id=23868, stack(0x0000000029500000,0x0000000029600000)]
  0x0000000020b5f000 JavaThread "jar transforms Thread 64" [_thread_blocked, id=45868, stack(0x0000000029400000,0x0000000029500000)]
  0x0000000020b5e800 JavaThread "jar transforms Thread 63" [_thread_blocked, id=38452, stack(0x0000000029300000,0x0000000029400000)]
  0x0000000020b57000 JavaThread "jar transforms Thread 62" [_thread_blocked, id=23252, stack(0x0000000029200000,0x0000000029300000)]
  0x0000000020b5d800 JavaThread "jar transforms Thread 61" [_thread_blocked, id=23168, stack(0x0000000029100000,0x0000000029200000)]
  0x0000000020b56000 JavaThread "jar transforms Thread 60" [_thread_blocked, id=49744, stack(0x0000000029000000,0x0000000029100000)]
  0x0000000020b5d000 JavaThread "jar transforms Thread 59" [_thread_blocked, id=1384, stack(0x0000000028f00000,0x0000000029000000)]
  0x0000000020b5c000 JavaThread "jar transforms Thread 58" [_thread_blocked, id=37700, stack(0x0000000028e00000,0x0000000028f00000)]
  0x0000000020b5b800 JavaThread "jar transforms Thread 57" [_thread_blocked, id=2756, stack(0x0000000028d00000,0x0000000028e00000)]
  0x0000000020b57800 JavaThread "jar transforms Thread 56" [_thread_blocked, id=34736, stack(0x0000000028c00000,0x0000000028d00000)]
  0x0000000020b5a800 JavaThread "jar transforms Thread 55" [_thread_blocked, id=11536, stack(0x0000000028b00000,0x0000000028c00000)]
  0x0000000020b5a000 JavaThread "jar transforms Thread 54" [_thread_blocked, id=37080, stack(0x0000000028a00000,0x0000000028b00000)]
  0x0000000020b59000 JavaThread "jar transforms Thread 53" [_thread_blocked, id=14196, stack(0x0000000028900000,0x0000000028a00000)]
  0x000000002081a800 JavaThread "jar transforms Thread 52" [_thread_blocked, id=20796, stack(0x0000000028800000,0x0000000028900000)]
  0x0000000020819800 JavaThread "jar transforms Thread 51" [_thread_blocked, id=30064, stack(0x0000000028700000,0x0000000028800000)]
  0x000000002081c000 JavaThread "jar transforms Thread 50" [_thread_blocked, id=53316, stack(0x0000000028600000,0x0000000028700000)]
  0x0000000020818000 JavaThread "jar transforms Thread 49" [_thread_blocked, id=31420, stack(0x0000000028500000,0x0000000028600000)]
  0x000000002081f000 JavaThread "jar transforms Thread 48" [_thread_blocked, id=48764, stack(0x0000000028400000,0x0000000028500000)]
  0x000000002081d800 JavaThread "jar transforms Thread 47" [_thread_blocked, id=41212, stack(0x0000000028300000,0x0000000028400000)]
  0x000000002081b000 JavaThread "jar transforms Thread 46" [_thread_blocked, id=28984, stack(0x0000000028200000,0x0000000028300000)]
  0x0000000020819000 JavaThread "jar transforms Thread 45" [_thread_blocked, id=21752, stack(0x0000000028100000,0x0000000028200000)]
  0x000000002081e000 JavaThread "jar transforms Thread 44" [_thread_blocked, id=27628, stack(0x0000000028000000,0x0000000028100000)]
  0x000000002081c800 JavaThread "jar transforms Thread 43" [_thread_blocked, id=47284, stack(0x0000000027f00000,0x0000000028000000)]
  0x0000000020810800 JavaThread "jar transforms Thread 42" [_thread_blocked, id=17724, stack(0x0000000027e00000,0x0000000027f00000)]
  0x0000000020816000 JavaThread "jar transforms Thread 41" [_thread_blocked, id=36024, stack(0x00000000279c0000,0x0000000027ac0000)]
  0x0000000020817800 JavaThread "jar transforms Thread 40" [_thread_blocked, id=47236, stack(0x00000000278c0000,0x00000000279c0000)]
  0x0000000020816800 JavaThread "jar transforms Thread 39" [_thread_blocked, id=43576, stack(0x00000000277c0000,0x00000000278c0000)]
  0x0000000020813000 JavaThread "jar transforms Thread 38" [_thread_blocked, id=45876, stack(0x00000000276c0000,0x00000000277c0000)]
  0x0000000020813800 JavaThread "jar transforms Thread 37" [_thread_blocked, id=4220, stack(0x00000000275c0000,0x00000000276c0000)]
  0x0000000020810000 JavaThread "jar transforms Thread 36" [_thread_blocked, id=16292, stack(0x00000000274c0000,0x00000000275c0000)]
  0x0000000020815000 JavaThread "jar transforms Thread 35" [_thread_blocked, id=7476, stack(0x00000000273c0000,0x00000000274c0000)]
  0x0000000020814800 JavaThread "jar transforms Thread 34" [_thread_blocked, id=16860, stack(0x00000000272c0000,0x00000000273c0000)]
  0x0000000020811800 JavaThread "jar transforms Thread 33" [_thread_blocked, id=35556, stack(0x00000000271c0000,0x00000000272c0000)]
  0x0000000020812000 JavaThread "jar transforms Thread 32" [_thread_blocked, id=23296, stack(0x00000000270c0000,0x00000000271c0000)]
  0x000000001f2d6800 JavaThread "jar transforms Thread 31" [_thread_blocked, id=29016, stack(0x0000000026fc0000,0x00000000270c0000)]
  0x000000001f2d7800 JavaThread "jar transforms Thread 30" [_thread_blocked, id=18628, stack(0x0000000026ec0000,0x0000000026fc0000)]
  0x000000001f2d6000 JavaThread "jar transforms Thread 29" [_thread_blocked, id=23760, stack(0x0000000026dc0000,0x0000000026ec0000)]
  0x000000001f2d5000 JavaThread "jar transforms Thread 28" [_thread_blocked, id=41148, stack(0x0000000026cc0000,0x0000000026dc0000)]
  0x000000001f2d4800 JavaThread "jar transforms Thread 27" [_thread_blocked, id=13168, stack(0x0000000026bc0000,0x0000000026cc0000)]
  0x000000001f2cd000 JavaThread "jar transforms Thread 26" [_thread_blocked, id=39692, stack(0x0000000026ac0000,0x0000000026bc0000)]
  0x000000001f2d3800 JavaThread "jar transforms Thread 25" [_thread_blocked, id=52080, stack(0x00000000269c0000,0x0000000026ac0000)]
  0x000000001f2d3000 JavaThread "jar transforms Thread 24" [_thread_blocked, id=44984, stack(0x00000000268c0000,0x00000000269c0000)]
  0x000000001f2d2000 JavaThread "jar transforms Thread 23" [_thread_blocked, id=26904, stack(0x00000000267c0000,0x00000000268c0000)]
  0x000000001f2ca800 JavaThread "jar transforms Thread 22" [_thread_blocked, id=24972, stack(0x00000000266c0000,0x00000000267c0000)]
  0x000000001f2d1800 JavaThread "jar transforms Thread 21" [_thread_blocked, id=37188, stack(0x00000000265c0000,0x00000000266c0000)]
  0x000000001f2cc000 JavaThread "jar transforms Thread 20" [_thread_blocked, id=52592, stack(0x00000000264c0000,0x00000000265c0000)]
  0x000000001f2d0000 JavaThread "jar transforms Thread 19" [_thread_blocked, id=33188, stack(0x00000000263c0000,0x00000000264c0000)]
  0x000000001f2d0800 JavaThread "jar transforms Thread 18" [_thread_blocked, id=37388, stack(0x00000000262c0000,0x00000000263c0000)]
  0x000000001f2c8000 JavaThread "jar transforms Thread 17" [_thread_blocked, id=48592, stack(0x00000000261c0000,0x00000000262c0000)]
  0x000000001f2c9000 JavaThread "jar transforms Thread 16" [_thread_blocked, id=45272, stack(0x00000000260c0000,0x00000000261c0000)]
  0x000000001f2ce800 JavaThread "jar transforms Thread 15" [_thread_blocked, id=30504, stack(0x0000000025fc0000,0x00000000260c0000)]
  0x000000001f2cb800 JavaThread "jar transforms Thread 14" [_thread_blocked, id=50812, stack(0x0000000025ec0000,0x0000000025fc0000)]
  0x000000001f2cf000 JavaThread "jar transforms Thread 13" [_thread_blocked, id=8960, stack(0x0000000025dc0000,0x0000000025ec0000)]
  0x000000001f2ca000 JavaThread "jar transforms Thread 12" [_thread_blocked, id=29468, stack(0x0000000025cc0000,0x0000000025dc0000)]
  0x000000001f2cd800 JavaThread "jar transforms Thread 11" [_thread_blocked, id=15128, stack(0x0000000025bc0000,0x0000000025cc0000)]
  0x000000001bc48800 JavaThread "jar transforms Thread 10" [_thread_blocked, id=48324, stack(0x0000000025ac0000,0x0000000025bc0000)]
  0x000000001bc4f800 JavaThread "jar transforms Thread 9" [_thread_blocked, id=5832, stack(0x00000000259c0000,0x0000000025ac0000)]
  0x000000001bc4d000 JavaThread "jar transforms Thread 8" [_thread_blocked, id=20112, stack(0x00000000258c0000,0x00000000259c0000)]
  0x000000001bc4e800 JavaThread "jar transforms Thread 7" [_thread_blocked, id=30232, stack(0x00000000257c0000,0x00000000258c0000)]
  0x000000001bc49800 JavaThread "jar transforms Thread 6" [_thread_blocked, id=38788, stack(0x00000000256c0000,0x00000000257c0000)]
  0x000000001bc4b800 JavaThread "jar transforms Thread 5" [_thread_blocked, id=4280, stack(0x00000000255c0000,0x00000000256c0000)]
  0x000000001bc4e000 JavaThread "jar transforms Thread 4" [_thread_blocked, id=32428, stack(0x00000000254c0000,0x00000000255c0000)]
  0x000000001bc4b000 JavaThread "jar transforms Thread 3" [_thread_blocked, id=22396, stack(0x00000000253c0000,0x00000000254c0000)]
  0x000000001bc4a000 JavaThread "jar transforms Thread 2" [_thread_blocked, id=39824, stack(0x00000000252c0000,0x00000000253c0000)]
  0x000000001bc4c800 JavaThread "Build operations Thread 8" [_thread_blocked, id=31884, stack(0x00000000250c0000,0x00000000251c0000)]
  0x000000001bc41000 JavaThread "Build operations Thread 7" [_thread_blocked, id=4992, stack(0x0000000024fc0000,0x00000000250c0000)]
  0x000000001bc48000 JavaThread "Build operations Thread 6" [_thread_blocked, id=31628, stack(0x0000000024ec0000,0x0000000024fc0000)]
  0x000000001bc47000 JavaThread "Build operations Thread 5" [_thread_blocked, id=32800, stack(0x0000000024dc0000,0x0000000024ec0000)]
  0x000000001bc44000 JavaThread "Build operations Thread 4" [_thread_blocked, id=26032, stack(0x0000000024cc0000,0x0000000024dc0000)]
  0x000000001bc43800 JavaThread "Build operations Thread 3" [_thread_blocked, id=48376, stack(0x0000000024bc0000,0x0000000024cc0000)]
  0x000000001bc42800 JavaThread "Build operations Thread 2" [_thread_blocked, id=25376, stack(0x0000000024ac0000,0x0000000024bc0000)]
  0x000000001bc46800 JavaThread "Build operations" [_thread_blocked, id=5284, stack(0x00000000249c0000,0x0000000024ac0000)]
  0x000000001b118000 JavaThread "Cache worker for file content cache (C:\Users\Shaun\.gradle\caches\6.5\fileContent)" [_thread_blocked, id=32812, stack(0x00000000242c0000,0x00000000243c0000)]
  0x000000001b11d800 JavaThread "jar transforms" [_thread_blocked, id=13848, stack(0x00000000241c0000,0x00000000242c0000)]
  0x000000001b11e000 JavaThread "Cache worker for execution history cache (C:\Users\Shaun\.gradle\caches\6.5\executionHistory)" [_thread_blocked, id=39684, stack(0x0000000022960000,0x0000000022a60000)]
  0x000000001b11b000 JavaThread "Cache worker for cache directory md-rule (C:\Users\Shaun\.gradle\caches\6.5\md-rule)" [_thread_blocked, id=22064, stack(0x0000000022860000,0x0000000022960000)]
  0x000000001b11a800 JavaThread "Cache worker for cache directory md-supplier (C:\Users\Shaun\.gradle\caches\6.5\md-supplier)" [_thread_blocked, id=53708, stack(0x0000000021500000,0x0000000021600000)]
  0x000000001b119000 JavaThread "Cache worker for checksums cache (C:\Users\Shaun\Desktop\MOBDEVE\BarCart\.gradle\checksums)" [_thread_blocked, id=36956, stack(0x0000000021400000,0x0000000021500000)]
  0x000000001b11f000 JavaThread "Cache worker for file hash cache (C:\Users\Shaun\Desktop\MOBDEVE\BarCart\.gradle\6.5\fileHashes)" [_thread_blocked, id=40276, stack(0x0000000022ae0000,0x0000000022be0000)]
  0x000000001b11c800 JavaThread "Cache worker for file hash cache (C:\Users\Shaun\.gradle\caches\6.5\fileHashes)" [_thread_blocked, id=22696, stack(0x000000001ef60000,0x000000001f060000)]
  0x000000001b119800 JavaThread "File lock request listener" [_thread_in_native, id=25304, stack(0x000000001ee60000,0x000000001ef60000)]
  0x000000001b07a000 JavaThread "Cache worker for journal cache (C:\Users\Shaun\.gradle\caches\journal-1)" [_thread_blocked, id=47984, stack(0x000000001ed60000,0x000000001ee60000)]
  0x000000001cc09800 JavaThread "Thread-9" [_thread_blocked, id=29888, stack(0x000000001ea60000,0x000000001eb60000)]
  0x000000001cb7e000 JavaThread "Stdin handler" [_thread_blocked, id=39004, stack(0x000000001e960000,0x000000001ea60000)]
  0x000000001cb79800 JavaThread "Asynchronous log dispatcher for DefaultDaemonConnection: socket connection from /127.0.0.1:55204 to /127.0.0.1:55205" [_thread_blocked, id=46068, stack(0x000000001e860000,0x000000001e960000)]
  0x000000001cb76000 JavaThread "Daemon worker" [_thread_in_vm, id=16444, stack(0x000000001e760000,0x000000001e860000)]
  0x000000001cb83000 JavaThread "Cancel handler" [_thread_blocked, id=44328, stack(0x000000001e660000,0x000000001e760000)]
  0x000000001b73d000 JavaThread "Handler for socket connection from /127.0.0.1:55204 to /127.0.0.1:55205" [_thread_in_native, id=30756, stack(0x000000001e560000,0x000000001e660000)]
  0x000000001b738000 JavaThread "Daemon" [_thread_blocked, id=43600, stack(0x000000001e460000,0x000000001e560000)]
  0x000000001cbe2800 JavaThread "Daemon periodic checks" [_thread_blocked, id=10256, stack(0x000000001e160000,0x000000001e260000)]
  0x000000001cb4c800 JavaThread "Incoming local TCP Connector on port 55204" [_thread_in_native, id=36372, stack(0x000000001df20000,0x000000001e020000)]
  0x000000001cace000 JavaThread "Daemon health stats" [_thread_blocked, id=24400, stack(0x000000001d8e0000,0x000000001d9e0000)]
  0x000000001a0cc000 JavaThread "Service Thread" daemon [_thread_blocked, id=47040, stack(0x000000001ad40000,0x000000001ae40000)]
  0x000000001a080000 JavaThread "C1 CompilerThread3" daemon [_thread_blocked, id=26804, stack(0x000000001ac40000,0x000000001ad40000)]
  0x000000001a07c000 JavaThread "C2 CompilerThread2" daemon [_thread_blocked, id=47840, stack(0x000000001ab40000,0x000000001ac40000)]
=>0x000000001a074000 JavaThread "C2 CompilerThread1" daemon [_thread_in_native, id=21088, stack(0x000000001aa40000,0x000000001ab40000)]
  0x000000001a070000 JavaThread "C2 CompilerThread0" daemon [_thread_blocked, id=8008, stack(0x000000001a940000,0x000000001aa40000)]
  0x000000001a06f000 JavaThread "Attach Listener" daemon [_thread_blocked, id=5292, stack(0x000000001a840000,0x000000001a940000)]
  0x000000001a06e000 JavaThread "Signal Dispatcher" daemon [_thread_blocked, id=53320, stack(0x000000001a740000,0x000000001a840000)]
  0x00000000031a8000 JavaThread "Finalizer" daemon [_thread_blocked, id=31856, stack(0x000000001a540000,0x000000001a640000)]
  0x000000001a060800 JavaThread "Reference Handler" daemon [_thread_blocked, id=17556, stack(0x000000001a440000,0x000000001a540000)]
  0x0000000002fae000 JavaThread "main" [_thread_blocked, id=24500, stack(0x0000000002fb0000,0x00000000030b0000)]

Other Threads:
  0x0000000018218800 VMThread [stack: 0x0000000019f40000,0x000000001a040000] [id=3064]
  0x000000001a0cd000 WatcherThread [stack: 0x000000001ae40000,0x000000001af40000] [id=39244]

VM state:not at safepoint (normal execution)

VM Mutex/Monitor currently owned by a thread: None

heap address: 0x0000000080000000, size: 2048 MB, Compressed Oops mode: 32-bit
Narrow klass base: 0x0000000000000000, Narrow klass shift: 3
Compressed class space size: 1073741824 Address: 0x0000000100000000

Heap:
 PSYoungGen      total 225280K, used 149459K [0x00000000d5580000, 0x00000000e4200000, 0x0000000100000000)
  eden space 209408K, 71% used [0x00000000d5580000,0x00000000de774e70,0x00000000e2200000)
  from space 15872K, 0% used [0x00000000e3080000,0x00000000e3080000,0x00000000e4000000)
  to   space 14848K, 0% used [0x00000000e2200000,0x00000000e2200000,0x00000000e3080000)
 ParOldGen       total 96256K, used 14623K [0x0000000080000000, 0x0000000085e00000, 0x00000000d5580000)
  object space 96256K, 15% used [0x0000000080000000,0x0000000080e47ce0,0x0000000085e00000)
 Metaspace       used 38643K, capacity 40356K, committed 40616K, reserved 1083392K
  class space    used 5328K, capacity 5684K, committed 5808K, reserved 1048576K

Card table byte_map: [0x0000000012570000,0x0000000012980000] byte_map_base: 0x0000000012170000

Marking Bits: (ParMarkBitMap*) 0x000000006707f030
 Begin Bits: [0x0000000013430000, 0x0000000015430000)
 End Bits:   [0x0000000015430000, 0x0000000017430000)

Polling page: 0x00000000016b0000

CodeCache: size=245760Kb used=13152Kb max_used=13163Kb free=232607Kb
 bounds [0x00000000031b0000, 0x0000000003ea0000, 0x00000000121b0000]
 total_blobs=4498 nmethods=3794 adapters=617
 compilation: enabled

Compilation events (10 events):
Event: 3.421 Thread 0x000000001a080000 3792       3       java.lang.invoke.MethodHandles$Lookup::resolveOrFail (48 bytes)
Event: 3.421 Thread 0x000000001a080000 nmethod 3792 0x0000000003e8b610 code [0x0000000003e8b7c0, 0x0000000003e8be38]
Event: 3.421 Thread 0x000000001a080000 3793       3       java.lang.invoke.MethodHandles$Lookup::checkMethodName (43 bytes)
Event: 3.421 Thread 0x000000001a080000 nmethod 3793 0x0000000003e8c050 code [0x0000000003e8c240, 0x0000000003e8cc48]
Event: 3.421 Thread 0x000000001a080000 3795       3       java.util.stream.ReduceOps$3ReducingSink::accept (15 bytes)
Event: 3.421 Thread 0x000000001a080000 nmethod 3795 0x0000000003e8d090 code [0x0000000003e8d200, 0x0000000003e8d428]
Event: 3.421 Thread 0x000000001a080000 3794       1       com.android.build.gradle.options.BooleanOption::getPropertyName (5 bytes)
Event: 3.421 Thread 0x000000001a080000 nmethod 3794 0x0000000003e8d4d0 code [0x0000000003e8d620, 0x0000000003e8d730]
Event: 3.421 Thread 0x000000001a080000 3796       3       org.gradle.internal.classloader.FilteringClassLoader::classAllowed (80 bytes)
Event: 3.422 Thread 0x000000001a080000 nmethod 3796 0x0000000003e8d790 code [0x0000000003e8d9a0, 0x0000000003e8e518]

GC Heap History (10 events):
Event: 2.010 GC heap before
{Heap before GC invocations=4 (full 0):
 PSYoungGen      total 75264K, used 22294K [0x00000000d5580000, 0x00000000de880000, 0x0000000100000000)
  eden space 64512K, 17% used [0x00000000d5580000,0x00000000d60ccd58,0x00000000d9480000)
  from space 10752K, 99% used [0x00000000d9480000,0x00000000d9ef8c20,0x00000000d9f00000)
  to   space 10752K, 0% used [0x00000000dde00000,0x00000000dde00000,0x00000000de880000)
 ParOldGen       total 172032K, used 763K [0x0000000080000000, 0x000000008a800000, 0x00000000d5580000)
  object space 172032K, 0% used [0x0000000080000000,0x00000000800bed60,0x000000008a800000)
 Metaspace       used 20559K, capacity 21208K, committed 21296K, reserved 1067008K
  class space    used 2874K, capacity 3076K, committed 3120K, reserved 1048576K
Event: 2.015 GC heap after
Heap after GC invocations=4 (full 0):
 PSYoungGen      total 139776K, used 7464K [0x00000000d5580000, 0x00000000de880000, 0x0000000100000000)
  eden space 129024K, 0% used [0x00000000d5580000,0x00000000d5580000,0x00000000dd380000)
  from space 10752K, 69% used [0x00000000dde00000,0x00000000de54a040,0x00000000de880000)
  to   space 10752K, 0% used [0x00000000dd380000,0x00000000dd380000,0x00000000dde00000)
 ParOldGen       total 172032K, used 771K [0x0000000080000000, 0x000000008a800000, 0x00000000d5580000)
  object space 172032K, 0% used [0x0000000080000000,0x00000000800c0d60,0x000000008a800000)
 Metaspace       used 20559K, capacity 21208K, committed 21296K, reserved 1067008K
  class space    used 2874K, capacity 3076K, committed 3120K, reserved 1048576K
}
Event: 2.015 GC heap before
{Heap before GC invocations=5 (full 1):
 PSYoungGen      total 139776K, used 7464K [0x00000000d5580000, 0x00000000de880000, 0x0000000100000000)
  eden space 129024K, 0% used [0x00000000d5580000,0x00000000d5580000,0x00000000dd380000)
  from space 10752K, 69% used [0x00000000dde00000,0x00000000de54a040,0x00000000de880000)
  to   space 10752K, 0% used [0x00000000dd380000,0x00000000dd380000,0x00000000dde00000)
 ParOldGen       total 172032K, used 771K [0x0000000080000000, 0x000000008a800000, 0x00000000d5580000)
  object space 172032K, 0% used [0x0000000080000000,0x00000000800c0d60,0x000000008a800000)
 Metaspace       used 20559K, capacity 21208K, committed 21296K, reserved 1067008K
  class space    used 2874K, capacity 3076K, committed 3120K, reserved 1048576K
Event: 2.041 GC heap after
Heap after GC invocations=5 (full 1):
 PSYoungGen      total 139776K, used 0K [0x00000000d5580000, 0x00000000de880000, 0x0000000100000000)
  eden space 129024K, 0% used [0x00000000d5580000,0x00000000d5580000,0x00000000dd380000)
  from space 10752K, 0% used [0x00000000dde00000,0x00000000dde00000,0x00000000de880000)
  to   space 10752K, 0% used [0x00000000dd380000,0x00000000dd380000,0x00000000dde00000)
 ParOldGen       total 96256K, used 7250K [0x0000000080000000, 0x0000000085e00000, 0x00000000d5580000)
  object space 96256K, 7% used [0x0000000080000000,0x0000000080714a80,0x0000000085e00000)
 Metaspace       used 20559K, capacity 21208K, committed 21296K, reserved 1067008K
  class space    used 2874K, capacity 3076K, committed 3120K, reserved 1048576K
}
Event: 2.758 GC heap before
{Heap before GC invocations=6 (full 1):
 PSYoungGen      total 139776K, used 129024K [0x00000000d5580000, 0x00000000de880000, 0x0000000100000000)
  eden space 129024K, 100% used [0x00000000d5580000,0x00000000dd380000,0x00000000dd380000)
  from space 10752K, 0% used [0x00000000dde00000,0x00000000dde00000,0x00000000de880000)
  to   space 10752K, 0% used [0x00000000dd380000,0x00000000dd380000,0x00000000dde00000)
 ParOldGen       total 96256K, used 7250K [0x0000000080000000, 0x0000000085e00000, 0x00000000d5580000)
  object space 96256K, 7% used [0x0000000080000000,0x0000000080714a80,0x0000000085e00000)
 Metaspace       used 32703K, capacity 33684K, committed 33968K, reserved 1079296K
  class space    used 4467K, capacity 4718K, committed 4784K, reserved 1048576K
Event: 2.769 GC heap after
Heap after GC invocations=6 (full 1):
 PSYoungGen      total 139776K, used 10723K [0x00000000d5580000, 0x00000000e4000000, 0x0000000100000000)
  eden space 129024K, 0% used [0x00000000d5580000,0x00000000d5580000,0x00000000dd380000)
  from space 10752K, 99% used [0x00000000dd380000,0x00000000dddf8f08,0x00000000dde00000)
  to   space 15872K, 0% used [0x00000000e3080000,0x00000000e3080000,0x00000000e4000000)
 ParOldGen       total 96256K, used 10579K [0x0000000080000000, 0x0000000085e00000, 0x00000000d5580000)
  object space 96256K, 10% used [0x0000000080000000,0x0000000080a54da8,0x0000000085e00000)
 Metaspace       used 32703K, capacity 33684K, committed 33968K, reserved 1079296K
  class space    used 4467K, capacity 4718K, committed 4784K, reserved 1048576K
}
Event: 2.896 GC heap before
{Heap before GC invocations=7 (full 1):
 PSYoungGen      total 139776K, used 42466K [0x00000000d5580000, 0x00000000e4000000, 0x0000000100000000)
  eden space 129024K, 24% used [0x00000000d5580000,0x00000000d747fad0,0x00000000dd380000)
  from space 10752K, 99% used [0x00000000dd380000,0x00000000dddf8f08,0x00000000dde00000)
  to   space 15872K, 0% used [0x00000000e3080000,0x00000000e3080000,0x00000000e4000000)
 ParOldGen       total 96256K, used 10579K [0x0000000080000000, 0x0000000085e00000, 0x00000000d5580000)
  object space 96256K, 10% used [0x0000000080000000,0x0000000080a54da8,0x0000000085e00000)
 Metaspace       used 34276K, capacity 35398K, committed 35496K, reserved 1079296K
  class space    used 4714K, capacity 5002K, committed 5040K, reserved 1048576K
Event: 2.901 GC heap after
Heap after GC invocations=7 (full 1):
 PSYoungGen      total 225280K, used 8293K [0x00000000d5580000, 0x00000000e4200000, 0x0000000100000000)
  eden space 209408K, 0% used [0x00000000d5580000,0x00000000d5580000,0x00000000e2200000)
  from space 15872K, 52% used [0x00000000e3080000,0x00000000e38994b0,0x00000000e4000000)
  to   space 14848K, 0% used [0x00000000e2200000,0x00000000e2200000,0x00000000e3080000)
 ParOldGen       total 96256K, used 10587K [0x0000000080000000, 0x0000000085e00000, 0x00000000d5580000)
  object space 96256K, 10% used [0x0000000080000000,0x0000000080a56da8,0x0000000085e00000)
 Metaspace       used 34276K, capacity 35398K, committed 35496K, reserved 1079296K
  class space    used 4714K, capacity 5002K, committed 5040K, reserved 1048576K
}
Event: 2.901 GC heap before
{Heap before GC invocations=8 (full 2):
 PSYoungGen      total 225280K, used 8293K [0x00000000d5580000, 0x00000000e4200000, 0x0000000100000000)
  eden space 209408K, 0% used [0x00000000d5580000,0x00000000d5580000,0x00000000e2200000)
  from space 15872K, 52% used [0x00000000e3080000,0x00000000e38994b0,0x00000000e4000000)
  to   space 14848K, 0% used [0x00000000e2200000,0x00000000e2200000,0x00000000e3080000)
 ParOldGen       total 96256K, used 10587K [0x0000000080000000, 0x0000000085e00000, 0x00000000d5580000)
  object space 96256K, 10% used [0x0000000080000000,0x0000000080a56da8,0x0000000085e00000)
 Metaspace       used 34276K, capacity 35398K, committed 35496K, reserved 1079296K
  class space    used 4714K, capacity 5002K, committed 5040K, reserved 1048576K
Event: 2.927 GC heap after
Heap after GC invocations=8 (full 2):
 PSYoungGen      total 225280K, used 0K [0x00000000d5580000, 0x00000000e4200000, 0x0000000100000000)
  eden space 209408K, 0% used [0x00000000d5580000,0x00000000d5580000,0x00000000e2200000)
  from space 15872K, 0% used [0x00000000e3080000,0x00000000e3080000,0x00000000e4000000)
  to   space 14848K, 0% used [0x00000000e2200000,0x00000000e2200000,0x00000000e3080000)
 ParOldGen       total 96256K, used 14623K [0x0000000080000000, 0x0000000085e00000, 0x00000000d5580000)
  object space 96256K, 15% used [0x0000000080000000,0x0000000080e47ce0,0x0000000085e00000)
 Metaspace       used 34276K, capacity 35398K, committed 35496K, reserved 1079296K
  class space    used 4714K, capacity 5002K, committed 5040K, reserved 1048576K
}

Deoptimization events (10 events):
Event: 3.232 Thread 0x000000001cb76000 Uncommon trap: reason=unstable_if action=reinterpret pc=0x0000000003524dc4 method=java.util.jar.JarFile.match([C[B[I[I)Z @ 29
Event: 3.266 Thread 0x000000001cb76000 Uncommon trap: reason=bimorphic action=maybe_recompile pc=0x0000000003abcc7c method=java.util.AbstractCollection.addAll(Ljava/util/Collection;)Z @ 29
Event: 3.309 Thread 0x000000001cb76000 Uncommon trap: reason=unstable_if action=reinterpret pc=0x0000000003508c90 method=java.util.regex.Pattern.has(I)Z @ 6
Event: 3.310 Thread 0x000000001cb76000 Uncommon trap: reason=bimorphic action=maybe_recompile pc=0x0000000003abcc7c method=java.util.AbstractCollection.addAll(Ljava/util/Collection;)Z @ 29
Event: 3.331 Thread 0x000000001cb76000 Uncommon trap: reason=predicate action=maybe_recompile pc=0x0000000003735288 method=com.google.common.base.CharMatcher.indexIn(Ljava/lang/CharSequence;I)I @ 22
Event: 3.339 Thread 0x000000001cb76000 Uncommon trap: reason=bimorphic action=maybe_recompile pc=0x00000000037d28d8 method=java.lang.ClassLoader.getPackage(Ljava/lang/String;)Ljava/lang/Package; @ 47
Event: 3.339 Thread 0x000000001cb76000 Uncommon trap: reason=bimorphic action=maybe_recompile pc=0x00000000037d28d8 method=java.lang.ClassLoader.getPackage(Ljava/lang/String;)Ljava/lang/Package; @ 47
Event: 3.339 Thread 0x000000001cb76000 Uncommon trap: reason=bimorphic action=maybe_recompile pc=0x00000000037d28d8 method=java.lang.ClassLoader.getPackage(Ljava/lang/String;)Ljava/lang/Package; @ 47
Event: 3.339 Thread 0x000000001cb76000 Uncommon trap: reason=bimorphic action=maybe_recompile pc=0x00000000037d28d8 method=java.lang.ClassLoader.getPackage(Ljava/lang/String;)Ljava/lang/Package; @ 47
Event: 3.419 Thread 0x000000001cb76000 Uncommon trap: reason=unstable_if action=reinterpret pc=0x0000000003951e74 method=java.io.BufferedInputStream.read([BII)I @ 56

Classes redefined (0 events):
No events

Internal exceptions (10 events):
Event: 3.312 Thread 0x000000001cc09800 Exception <a 'java/lang/NoSuchMethodError': <clinit>> (0x00000000d8234330) thrown at [C:\src\AOSP-openjdk-git\hotspot\src\share\vm\prims\jni.cpp, line 1615]
Event: 3.312 Thread 0x000000001cc09800 Exception <a 'java/lang/NoSuchMethodError': <clinit>> (0x00000000d823e5a0) thrown at [C:\src\AOSP-openjdk-git\hotspot\src\share\vm\prims\jni.cpp, line 1615]
Event: 3.313 Thread 0x000000001cc09800 Exception <a 'java/lang/NoSuchMethodError': <clinit>> (0x00000000d8249630) thrown at [C:\src\AOSP-openjdk-git\hotspot\src\share\vm\prims\jni.cpp, line 1615]
Event: 3.314 Thread 0x000000001cc09800 Exception <a 'java/lang/NoSuchMethodError': <clinit>> (0x00000000d825ca00) thrown at [C:\src\AOSP-openjdk-git\hotspot\src\share\vm\prims\jni.cpp, line 1615]
Event: 3.321 Thread 0x000000001cb76000 Exception <a 'java/lang/ClassNotFoundException': build_7z0av2u6pw2659476yboi3x4kBeanInfo> (0x00000000dd420ea8) thrown at [C:\src\AOSP-openjdk-git\hotspot\src\share\vm\classfile\systemDictionary.cpp, line 210]
Event: 3.321 Thread 0x000000001cb76000 Exception <a 'java/lang/ClassNotFoundException': build_7z0av2u6pw2659476yboi3x4kCustomizer> (0x00000000dd42cae8) thrown at [C:\src\AOSP-openjdk-git\hotspot\src\share\vm\classfile\systemDictionary.cpp, line 210]
Event: 3.330 Thread 0x000000001cb76000 Exception <a 'java/lang/ClassNotFoundException': org/gradle/plugin/use/internal/PluginRequestCollector$PluginDependenciesSpecImplBeanInfo> (0x00000000dd4cc830) thrown at [C:\src\AOSP-openjdk-git\hotspot\src\share\vm\classfile\systemDictionary.cpp, line 21
Event: 3.330 Thread 0x000000001cb76000 Exception <a 'java/lang/ClassNotFoundException': org/gradle/plugin/use/internal/PluginRequestCollector$PluginDependenciesSpecImplCustomizer> (0x00000000dd50c770) thrown at [C:\src\AOSP-openjdk-git\hotspot\src\share\vm\classfile\systemDictionary.cpp, line 
Event: 3.349 Thread 0x000000001cb76000 Exception <a 'java/lang/ClassNotFoundException': org/gradle/api/internal/plugins/DefaultObjectConfigurationActionBeanInfo> (0x00000000dd866a68) thrown at [C:\src\AOSP-openjdk-git\hotspot\src\share\vm\classfile\systemDictionary.cpp, line 210]
Event: 3.349 Thread 0x000000001cb76000 Exception <a 'java/lang/ClassNotFoundException': org/gradle/api/internal/plugins/DefaultObjectConfigurationActionCustomizer> (0x00000000dd8ab1e8) thrown at [C:\src\AOSP-openjdk-git\hotspot\src\share\vm\classfile\systemDictionary.cpp, line 210]

Events (10 events):
Event: 3.427 loading class org/gradle/api/services/BuildServiceRegistration
Event: 3.427 loading class org/gradle/api/services/BuildServiceRegistration done
Event: 3.428 loading class org/gradle/api/services/BuildServiceParameters$None
Event: 3.428 loading class org/gradle/api/services/BuildServiceParameters$None done
Event: 3.428 loading class org/gradle/api/internal/DynamicPropertyNamer
Event: 3.428 loading class org/gradle/api/internal/DynamicPropertyNamer done
Event: 3.428 loading class org/gradle/api/internal/NoNamingPropertyException
Event: 3.428 loading class org/gradle/api/internal/NoNamingPropertyException done
Event: 3.428 loading class org/gradle/api/internal/NullNamingPropertyException
Event: 3.428 loading class org/gradle/api/internal/NullNamingPropertyException done


Dynamic libraries:
0x00007ff70d7d0000 - 0x00007ff70d801000 	C:\Program Files\Android\Android Studio\jre\bin\java.exe
0x00007ffe5eb10000 - 0x00007ffe5ed05000 	C:\Windows\SYSTEM32\ntdll.dll
0x00007ffe5e190000 - 0x00007ffe5e24d000 	C:\Windows\System32\KERNEL32.DLL
0x00007ffe5c2c0000 - 0x00007ffe5c589000 	C:\Windows\System32\KERNELBASE.dll
0x00007ffe5e0d0000 - 0x00007ffe5e17c000 	C:\Windows\System32\ADVAPI32.dll
0x00007ffe5e9d0000 - 0x00007ffe5ea6e000 	C:\Windows\System32\msvcrt.dll
0x00007ffe5d500000 - 0x00007ffe5d59c000 	C:\Windows\System32\sechost.dll
0x00007ffe5d3d0000 - 0x00007ffe5d4fb000 	C:\Windows\System32\RPCRT4.dll
0x00007ffe5d000000 - 0x00007ffe5d1a0000 	C:\Windows\System32\USER32.dll
0x00007ffe5c980000 - 0x00007ffe5c9a2000 	C:\Windows\System32\win32u.dll
0x00007ffe5def0000 - 0x00007ffe5df1a000 	C:\Windows\System32\GDI32.dll
0x00007ffe5c9b0000 - 0x00007ffe5cabb000 	C:\Windows\System32\gdi32full.dll
0x00007ffe5c220000 - 0x00007ffe5c2bd000 	C:\Windows\System32\msvcp_win.dll
0x00007ffe5c590000 - 0x00007ffe5c690000 	C:\Windows\System32\ucrtbase.dll
0x00007ffe3c3b0000 - 0x00007ffe3c64a000 	C:\Windows\WinSxS\amd64_microsoft.windows.common-controls_6595b64144ccf1df_6.0.19041.844_none_ca00b6081b84eb1d\COMCTL32.dll
0x00007ffe5ea70000 - 0x00007ffe5eaa0000 	C:\Windows\System32\IMM32.DLL
0x00000000664e0000 - 0x00000000665b2000 	C:\Program Files\Android\Android Studio\jre\jre\bin\msvcr100.dll
0x00000000668b0000 - 0x00000000670fb000 	C:\Program Files\Android\Android Studio\jre\jre\bin\server\jvm.dll
0x00007ffe5ceb0000 - 0x00007ffe5ceb8000 	C:\Windows\System32\PSAPI.DLL
0x00007ffe3f090000 - 0x00007ffe3f099000 	C:\Windows\SYSTEM32\WSOCK32.dll
0x00007ffe5de80000 - 0x00007ffe5deeb000 	C:\Windows\System32\WS2_32.dll
0x00007ffe51830000 - 0x00007ffe5183a000 	C:\Windows\SYSTEM32\VERSION.dll
0x00007ffe46460000 - 0x00007ffe46487000 	C:\Windows\SYSTEM32\WINMM.dll
0x00007ffe55aa0000 - 0x00007ffe55aaf000 	C:\Program Files\Android\Android Studio\jre\jre\bin\verify.dll
0x00007ffe44c60000 - 0x00007ffe44c89000 	C:\Program Files\Android\Android Studio\jre\jre\bin\java.dll
0x00007ffe52450000 - 0x00007ffe52466000 	C:\Program Files\Android\Android Studio\jre\jre\bin\zip.dll
0x00007ffe5e260000 - 0x00007ffe5e9a2000 	C:\Windows\System32\SHELL32.dll
0x00007ffe59fb0000 - 0x00007ffe5a740000 	C:\Windows\SYSTEM32\windows.storage.dll
0x00007ffe5d5a0000 - 0x00007ffe5d8f5000 	C:\Windows\System32\combase.dll
0x00007ffe5bc90000 - 0x00007ffe5bcbc000 	C:\Windows\SYSTEM32\Wldp.dll
0x00007ffe5d1a0000 - 0x00007ffe5d24e000 	C:\Windows\System32\SHCORE.dll
0x00007ffe5de20000 - 0x00007ffe5de75000 	C:\Windows\System32\shlwapi.dll
0x00007ffe5c160000 - 0x00007ffe5c17f000 	C:\Windows\SYSTEM32\profapi.dll
0x00007ffe52020000 - 0x00007ffe5203a000 	C:\Program Files\Android\Android Studio\jre\jre\bin\net.dll
0x00007ffe5ba10000 - 0x00007ffe5ba7a000 	C:\Windows\system32\mswsock.dll
0x00007ffe51de0000 - 0x00007ffe51df3000 	C:\Program Files\Android\Android Studio\jre\jre\bin\nio.dll
0x00007ffe44af0000 - 0x00007ffe44b17000 	C:\Users\Shaun\.gradle\native\f6784746aeab05261644944871eae4fe03e0ef1612fff0a4a95f87b438bc6780\windows-amd64\native-platform.dll
0x00007ffe53510000 - 0x00007ffe5351d000 	C:\Program Files\Android\Android Studio\jre\jre\bin\management.dll
0x00007ffe5bbf0000 - 0x00007ffe5bc08000 	C:\Windows\SYSTEM32\CRYPTSP.dll
0x00007ffe5b340000 - 0x00007ffe5b374000 	C:\Windows\system32\rsaenh.dll
0x00007ffe5cac0000 - 0x00007ffe5cae7000 	C:\Windows\System32\bcrypt.dll
0x00007ffe5c0e0000 - 0x00007ffe5c10e000 	C:\Windows\SYSTEM32\USERENV.dll
0x00007ffe5c900000 - 0x00007ffe5c980000 	C:\Windows\System32\bcryptprimitives.dll
0x00007ffe5bbe0000 - 0x00007ffe5bbec000 	C:\Windows\SYSTEM32\CRYPTBASE.dll
0x00007ffe5b6b0000 - 0x00007ffe5b6eb000 	C:\Windows\SYSTEM32\IPHLPAPI.DLL
0x00007ffe5e180000 - 0x00007ffe5e188000 	C:\Windows\System32\NSI.dll
0x00007ffe566c0000 - 0x00007ffe566d7000 	C:\Windows\SYSTEM32\dhcpcsvc6.DLL
0x00007ffe566a0000 - 0x00007ffe566bd000 	C:\Windows\SYSTEM32\dhcpcsvc.DLL
0x00007ffe5b750000 - 0x00007ffe5b81b000 	C:\Windows\SYSTEM32\DNSAPI.dll
0x00007ffe59070000 - 0x00007ffe5907b000 	C:\Windows\SYSTEM32\WINNSI.DLL

VM Arguments:
jvm_args: -Xmx2048m -Dfile.encoding=UTF-8 -Duser.country=US -Duser.language=en -Duser.variant 
java_command: org.gradle.launcher.daemon.bootstrap.GradleDaemon 6.5
java_class_path (initial): C:\Users\Shaun\.gradle\wrapper\dists\gradle-6.5-bin\6nifqtx7604sqp1q6g8wikw7p\gradle-6.5\lib\gradle-launcher-6.5.jar
Launcher Type: SUN_STANDARD

Environment Variables:
PATH=C:\Program Files\Common Files\Oracle\Java\javapath;C:\Windows\system32;C:\Windows;C:\Windows\System32\Wbem;C:\Windows\System32\WindowsPowerShell\v1.0\;C:\Windows\System32\OpenSSH\;C:\Program Files (x86)\NVIDIA Corporation\PhysX\Common;C:\Program Files\NVIDIA Corporation\NVIDIA NvDLISR;C:\Program Files\Git\cmd;C:\Program Files\nodejs\;C:\Python39\Scripts\;C:\Python39\;C:\Users\Shaun\AppData\Local\Microsoft\WindowsApps;C:\Users\Shaun\AppData\Local\Programs\Microsoft VS Code\bin;C:\Program Files\Java\jdk-15.0.2\bin;C:\Users\Shaun\AppData\Roaming\npm;C:\flutter\bin;C:\Users\Shaun\AppData\Local\GitHubDesktop\bin
USERNAME=Shaun
OS=Windows_NT
PROCESSOR_IDENTIFIER=Intel64 Family 6 Model 140 Stepping 1, GenuineIntel



---------------  S Y S T E M  ---------------

OS: Windows 10.0 , 64 bit Build 19041 (10.0.19041.804)

CPU:total 8 (initial active 8) (4 cores per cpu, 2 threads per core) family 6 model 140 stepping 1, cmov, cx8, fxsr, mmx, sse, sse2, sse3, ssse3, sse4.1, sse4.2, popcnt, avx, avx2, aes, clmul, erms, 3dnowpref, lzcnt, ht, tsc, tscinvbit, bmi1, bmi2, adx

Memory: 4k page, physical 16448376k(1317772k free), swap 66780024k(5932k free)

vm_info: OpenJDK 64-Bit Server VM (25.242-b01) for windows-amd64 JRE (1.8.0_242-release-1644-b01), built by "builder" with MS VC++ 10.0 (VS2010)

time: Sat May 22 20:44:22 2021
timezone: Malay Peninsula Standard Time
elapsed time: 3 seconds (0d 0h 0m 3s)

